[2022-07-31 11:59:04] local.ERROR: View [partial.nav] not found. (View: C:\11S20020 Roosen Gabriel Manurung\RAKAMIN\FINALPROJECT\blog\resources\views\layout\master.blade.php) {"exception":"[object] (Facade\\Ignition\\Exceptions\\ViewException(code: 0): View [partial.nav] not found. (View: C:\\11S20020 Roosen Gabriel Manurung\\RAKAMIN\\FINALPROJECT\\blog\\resources\\views\\layout\\master.blade.php) at C:\\11S20020 Roosen Gabriel Manurung\\RAKAMIN\\FINALPROJECT\\blog\\vendor\\laravel\\framework\\src\\Illuminate\\View\\FileViewFinder.php:137)
[stacktrace]
#0 C:\\11S20020 Roosen Gabriel Manurung\\RAKAMIN\\FINALPROJECT\\blog\\vendor\\laravel\\framework\\src\\Illuminate\\View\\FileViewFinder.php(79): Illuminate\\View\\FileViewFinder->findInPaths('partial.nav', Array)
#1 C:\\11S20020 Roosen Gabriel Manurung\\RAKAMIN\\FINALPROJECT\\blog\\vendor\\laravel\\framework\\src\\Illuminate\\View\\Factory.php(131): Illuminate\\View\\FileViewFinder->find('partial.nav')
#2 C:\\11S20020 Roosen Gabriel Manurung\\RAKAMIN\\FINALPROJECT\\blog\\resources\\views/layout/master.blade.php(20): Illuminate\\View\\Factory->make('partial.nav', Array)
#3 C:\\11S20020 Roosen Gabriel Manurung\\RAKAMIN\\FINALPROJECT\\blog\\vendor\\laravel\\framework\\src\\Illuminate\\View\\Engines\\PhpEngine.php(43): include('C:\\\\11S20020 Roo...')
#4 C:\\11S20020 Roosen Gabriel Manurung\\RAKAMIN\\FINALPROJECT\\blog\\vendor\\laravel\\framework\\src\\Illuminate\\View\\Engines\\CompilerEngine.php(59): Illuminate\\View\\Engines\\PhpEngine->evaluatePath('C:\\\\11S20020 Roo...', Array)
#5 C:\\11S20020 Roosen Gabriel Manurung\\RAKAMIN\\FINALPROJECT\\blog\\vendor\\facade\\ignition\\src\\Views\\Engines\\CompilerEngine.php(36): Illuminate\\View\\Engines\\CompilerEngine->get('C:\\\\11S20020 Roo...', Array)
#6 C:\\11S20020 Roosen Gabriel Manurung\\RAKAMIN\\FINALPROJECT\\blog\\vendor\\laravel\\framework\\src\\Illuminate\\View\\View.php(143): Facade\\Ignition\\Views\\Engines\\CompilerEngine->get('C:\\\\11S20020 Roo...', Array)
#7 C:\\11S20020 Roosen Gabriel Manurung\\RAKAMIN\\FINALPROJECT\\blog\\vendor\\laravel\\framework\\src\\Illuminate\\View\\View.php(126): Illuminate\\View\\View->getContents()
#8 C:\\11S20020 Roosen Gabriel Manurung\\RAKAMIN\\FINALPROJECT\\blog\\vendor\\laravel\\framework\\src\\Illuminate\\View\\View.php(91): Illuminate\\View\\View->renderContents()
#9 C:\\11S20020 Roosen Gabriel Manurung\\RAKAMIN\\FINALPROJECT\\blog\\vendor\\laravel\\framework\\src\\Illuminate\\Http\\Response.php(42): Illuminate\\View\\View->render()
#10 C:\\11S20020 Roosen Gabriel Manurung\\RAKAMIN\\FINALPROJECT\\blog\\vendor\\symfony\\http-foundation\\Response.php(205): Illuminate\\Http\\Response->setContent(Object(Illuminate\\View\\View))
#11 C:\\11S20020 Roosen Gabriel Manurung\\RAKAMIN\\FINALPROJECT\\blog\\vendor\\laravel\\framework\\src\\Illuminate\\Routing\\Router.php(749): Symfony\\Component\\HttpFoundation\\Response->__construct(Object(Illuminate\\View\\View), 200, Array)
#12 C:\\11S20020 Roosen Gabriel Manurung\\RAKAMIN\\FINALPROJECT\\blog\\vendor\\laravel\\framework\\src\\Illuminate\\Routing\\Router.php(721): Illuminate\\Routing\\Router::toResponse(Object(Illuminate\\Http\\Request), Object(Illuminate\\View\\View))
#13 C:\\11S20020 Roosen Gabriel Manurung\\RAKAMIN\\FINALPROJECT\\blog\\vendor\\laravel\\framework\\src\\Illuminate\\Routing\\Router.php(681): Illuminate\\Routing\\Router->prepareResponse(Object(Illuminate\\Http\\Request), Object(Illuminate\\View\\View))
#14 C:\\11S20020 Roosen Gabriel Manurung\\RAKAMIN\\FINALPROJECT\\blog\\vendor\\laravel\\framework\\src\\Illuminate\\Pipeline\\Pipeline.php(130): Illuminate\\Routing\\Router->Illuminate\\Routing\\{closure}(Object(Illuminate\\Http\\Request))
#15 C:\\11S20020 Roosen Gabriel Manurung\\RAKAMIN\\FINALPROJECT\\blog\\vendor\\laravel\\framework\\src\\Illuminate\\Routing\\Middleware\\SubstituteBindings.php(41): Illuminate\\Pipeline\\Pipeline->Illuminate\\Pipeline\\{closure}(Object(Illuminate\\Http\\Request))
#16 C:\\11S20020 Roosen Gabriel Manurung\\RAKAMIN\\FINALPROJECT\\blog\\vendor\\laravel\\framework\\src\\Illuminate\\Pipeline\\Pipeline.php(171): Illuminate\\Routing\\Middleware\\SubstituteBindings->handle(Object(Illuminate\\Http\\Request), Object(Closure))
#17 C:\\11S20020 Roosen Gabriel Manurung\\RAKAMIN\\FINALPROJECT\\blog\\vendor\\laravel\\framework\\src\\Illuminate\\Foundation\\Http\\Middleware\\VerifyCsrfToken.php(78): Illuminate\\Pipeline\\Pipeline->Illuminate\\Pipeline\\{closure}(Object(Illuminate\\Http\\Request))
#18 C:\\11S20020 Roosen Gabriel Manurung\\RAKAMIN\\FINALPROJECT\\blog\\vendor\\laravel\\framework\\src\\Illuminate\\Pipeline\\Pipeline.php(171): Illuminate\\Foundation\\Http\\Middleware\\VerifyCsrfToken->handle(Object(Illuminate\\Http\\Request), Object(Closure))
#19 C:\\11S20020 Roosen Gabriel Manurung\\RAKAMIN\\FINALPROJECT\\blog\\vendor\\laravel\\framework\\src\\Illuminate\\View\\Middleware\\ShareErrorsFromSession.php(49): Illuminate\\Pipeline\\Pipeline->Illuminate\\Pipeline\\{closure}(Object(Illuminate\\Http\\Request))
#20 C:\\11S20020 Roosen Gabriel Manurung\\RAKAMIN\\FINALPROJECT\\blog\\vendor\\laravel\\framework\\src\\Illuminate\\Pipeline\\Pipeline.php(171): Illuminate\\View\\Middleware\\ShareErrorsFromSession->handle(Object(Illuminate\\Http\\Request), Object(Closure))
#21 C:\\11S20020 Roosen Gabriel Manurung\\RAKAMIN\\FINALPROJECT\\blog\\vendor\\laravel\\framework\\src\\Illuminate\\Session\\Middleware\\StartSession.php(56): Illuminate\\Pipeline\\Pipeline->Illuminate\\Pipeline\\{closure}(Object(Illuminate\\Http\\Request))
#22 C:\\11S20020 Roosen Gabriel Manurung\\RAKAMIN\\FINALPROJECT\\blog\\vendor\\laravel\\framework\\src\\Illuminate\\Pipeline\\Pipeline.php(171): Illuminate\\Session\\Middleware\\StartSession->handle(Object(Illuminate\\Http\\Request), Object(Closure))
#23 C:\\11S20020 Roosen Gabriel Manurung\\RAKAMIN\\FINALPROJECT\\blog\\vendor\\laravel\\framework\\src\\Illuminate\\Cookie\\Middleware\\AddQueuedCookiesToResponse.php(37): Illuminate\\Pipeline\\Pipeline->Illuminate\\Pipeline\\{closure}(Object(Illuminate\\Http\\Request))
#24 C:\\11S20020 Roosen Gabriel Manurung\\RAKAMIN\\FINALPROJECT\\blog\\vendor\\laravel\\framework\\src\\Illuminate\\Pipeline\\Pipeline.php(171): Illuminate\\Cookie\\Middleware\\AddQueuedCookiesToResponse->handle(Object(Illuminate\\Http\\Request), Object(Closure))
#25 C:\\11S20020 Roosen Gabriel Manurung\\RAKAMIN\\FINALPROJECT\\blog\\vendor\\laravel\\framework\\src\\Illuminate\\Cookie\\Middleware\\EncryptCookies.php(67): Illuminate\\Pipeline\\Pipeline->Illuminate\\Pipeline\\{closure}(Object(Illuminate\\Http\\Request))
#26 C:\\11S20020 Roosen Gabriel Manurung\\RAKAMIN\\FINALPROJECT\\blog\\vendor\\laravel\\framework\\src\\Illuminate\\Pipeline\\Pipeline.php(171): Illuminate\\Cookie\\Middleware\\EncryptCookies->handle(Object(Illuminate\\Http\\Request), Object(Closure))
#27 C:\\11S20020 Roosen Gabriel Manurung\\RAKAMIN\\FINALPROJECT\\blog\\vendor\\laravel\\framework\\src\\Illuminate\\Pipeline\\Pipeline.php(105): Illuminate\\Pipeline\\Pipeline->Illuminate\\Pipeline\\{closure}(Object(Illuminate\\Http\\Request))
#28 C:\\11S20020 Roosen Gabriel Manurung\\RAKAMIN\\FINALPROJECT\\blog\\vendor\\laravel\\framework\\src\\Illuminate\\Routing\\Router.php(683): Illuminate\\Pipeline\\Pipeline->then(Object(Closure))
#29 C:\\11S20020 Roosen Gabriel Manurung\\RAKAMIN\\FINALPROJECT\\blog\\vendor\\laravel\\framework\\src\\Illuminate\\Routing\\Router.php(658): Illuminate\\Routing\\Router->runRouteWithinStack(Object(Illuminate\\Routing\\Route), Object(Illuminate\\Http\\Request))
#30 C:\\11S20020 Roosen Gabriel Manurung\\RAKAMIN\\FINALPROJECT\\blog\\vendor\\laravel\\framework\\src\\Illuminate\\Routing\\Router.php(624): Illuminate\\Routing\\Router->runRoute(Object(Illuminate\\Http\\Request), Object(Illuminate\\Routing\\Route))
#31 C:\\11S20020 Roosen Gabriel Manurung\\RAKAMIN\\FINALPROJECT\\blog\\vendor\\laravel\\framework\\src\\Illuminate\\Routing\\Router.php(613): Illuminate\\Routing\\Router->dispatchToRoute(Object(Illuminate\\Http\\Request))
#32 C:\\11S20020 Roosen Gabriel Manurung\\RAKAMIN\\FINALPROJECT\\blog\\vendor\\laravel\\framework\\src\\Illuminate\\Foundation\\Http\\Kernel.php(170): Illuminate\\Routing\\Router->dispatch(Object(Illuminate\\Http\\Request))
#33 C:\\11S20020 Roosen Gabriel Manurung\\RAKAMIN\\FINALPROJECT\\blog\\vendor\\laravel\\framework\\src\\Illuminate\\Pipeline\\Pipeline.php(130): Illuminate\\Foundation\\Http\\Kernel->Illuminate\\Foundation\\Http\\{closure}(Object(Illuminate\\Http\\Request))
#34 C:\\11S20020 Roosen Gabriel Manurung\\RAKAMIN\\FINALPROJECT\\blog\\vendor\\laravel\\framework\\src\\Illuminate\\Foundation\\Http\\Middleware\\TransformsRequest.php(21): Illuminate\\Pipeline\\Pipeline->Illuminate\\Pipeline\\{closure}(Object(Illuminate\\Http\\Request))
#35 C:\\11S20020 Roosen Gabriel Manurung\\RAKAMIN\\FINALPROJECT\\blog\\vendor\\laravel\\framework\\src\\Illuminate\\Pipeline\\Pipeline.php(171): Illuminate\\Foundation\\Http\\Middleware\\TransformsRequest->handle(Object(Illuminate\\Http\\Request), Object(Closure))
#36 C:\\11S20020 Roosen Gabriel Manurung\\RAKAMIN\\FINALPROJECT\\blog\\vendor\\laravel\\framework\\src\\Illuminate\\Foundation\\Http\\Middleware\\TransformsRequest.php(21): Illuminate\\Pipeline\\Pipeline->Illuminate\\Pipeline\\{closure}(Object(Illuminate\\Http\\Request))
#37 C:\\11S20020 Roosen Gabriel Manurung\\RAKAMIN\\FINALPROJECT\\blog\\vendor\\laravel\\framework\\src\\Illuminate\\Pipeline\\Pipeline.php(171): Illuminate\\Foundation\\Http\\Middleware\\TransformsRequest->handle(Object(Illuminate\\Http\\Request), Object(Closure))
#38 C:\\11S20020 Roosen Gabriel Manurung\\RAKAMIN\\FINALPROJECT\\blog\\vendor\\laravel\\framework\\src\\Illuminate\\Foundation\\Http\\Middleware\\ValidatePostSize.php(27): Illuminate\\Pipeline\\Pipeline->Illuminate\\Pipeline\\{closure}(Object(Illuminate\\Http\\Request))
#39 C:\\11S20020 Roosen Gabriel Manurung\\RAKAMIN\\FINALPROJECT\\blog\\vendor\\laravel\\framework\\src\\Illuminate\\Pipeline\\Pipeline.php(171): Illuminate\\Foundation\\Http\\Middleware\\ValidatePostSize->handle(Object(Illuminate\\Http\\Request), Object(Closure))
#40 C:\\11S20020 Roosen Gabriel Manurung\\RAKAMIN\\FINALPROJECT\\blog\\vendor\\laravel\\framework\\src\\Illuminate\\Foundation\\Http\\Middleware\\CheckForMaintenanceMode.php(63): Illuminate\\Pipeline\\Pipeline->Illuminate\\Pipeline\\{closure}(Object(Illuminate\\Http\\Request))
#41 C:\\11S20020 Roosen Gabriel Manurung\\RAKAMIN\\FINALPROJECT\\blog\\vendor\\laravel\\framework\\src\\Illuminate\\Pipeline\\Pipeline.php(171): Illuminate\\Foundation\\Http\\Middleware\\CheckForMaintenanceMode->handle(Object(Illuminate\\Http\\Request), Object(Closure))
#42 C:\\11S20020 Roosen Gabriel Manurung\\RAKAMIN\\FINALPROJECT\\blog\\vendor\\fideloper\\proxy\\src\\TrustProxies.php(57): Illuminate\\Pipeline\\Pipeline->Illuminate\\Pipeline\\{closure}(Object(Illuminate\\Http\\Request))
#43 C:\\11S20020 Roosen Gabriel Manurung\\RAKAMIN\\FINALPROJECT\\blog\\vendor\\laravel\\framework\\src\\Illuminate\\Pipeline\\Pipeline.php(171): Fideloper\\Proxy\\TrustProxies->handle(Object(Illuminate\\Http\\Request), Object(Closure))
#44 C:\\11S20020 Roosen Gabriel Manurung\\RAKAMIN\\FINALPROJECT\\blog\\vendor\\laravel\\framework\\src\\Illuminate\\Pipeline\\Pipeline.php(105): Illuminate\\Pipeline\\Pipeline->Illuminate\\Pipeline\\{closure}(Object(Illuminate\\Http\\Request))
#45 C:\\11S20020 Roosen Gabriel Manurung\\RAKAMIN\\FINALPROJECT\\blog\\vendor\\laravel\\framework\\src\\Illuminate\\Foundation\\Http\\Kernel.php(145): Illuminate\\Pipeline\\Pipeline->then(Object(Closure))
#46 C:\\11S20020 Roosen Gabriel Manurung\\RAKAMIN\\FINALPROJECT\\blog\\vendor\\laravel\\framework\\src\\Illuminate\\Foundation\\Http\\Kernel.php(110): Illuminate\\Foundation\\Http\\Kernel->sendRequestThroughRouter(Object(Illuminate\\Http\\Request))
#47 C:\\11S20020 Roosen Gabriel Manurung\\RAKAMIN\\FINALPROJECT\\blog\\public\\index.php(55): Illuminate\\Foundation\\Http\\Kernel->handle(Object(Illuminate\\Http\\Request))
#48 C:\\11S20020 Roosen Gabriel Manurung\\RAKAMIN\\FINALPROJECT\\blog\\server.php(21): require_once('C:\\\\11S20020 Roo...')
#49 {main}

[previous exception] [object] (InvalidArgumentException(code: 0): View [partial.nav] not found. at C:\\11S20020 Roosen Gabriel Manurung\\RAKAMIN\\FINALPROJECT\\blog\\vendor\\laravel\\framework\\src\\Illuminate\\View\\FileViewFinder.php:137)
[stacktrace]
#0 C:\\11S20020 Roosen Gabriel Manurung\\RAKAMIN\\FINALPROJECT\\blog\\vendor\\laravel\\framework\\src\\Illuminate\\View\\FileViewFinder.php(79): Illuminate\\View\\FileViewFinder->findInPaths('partial.nav', Array)
#1 C:\\11S20020 Roosen Gabriel Manurung\\RAKAMIN\\FINALPROJECT\\blog\\vendor\\laravel\\framework\\src\\Illuminate\\View\\Factory.php(131): Illuminate\\View\\FileViewFinder->find('partial.nav')
#2 C:\\11S20020 Roosen Gabriel Manurung\\RAKAMIN\\FINALPROJECT\\blog\\storage\\framework\\views\\a11ea5e09af1d3eef336a059d9f546828d49140e.php(20): Illuminate\\View\\Factory->make('partial.nav', Array)
#3 C:\\11S20020 Roosen Gabriel Manurung\\RAKAMIN\\FINALPROJECT\\blog\\vendor\\laravel\\framework\\src\\Illuminate\\View\\Engines\\PhpEngine.php(43): include('C:\\\\11S20020 Roo...')
#4 C:\\11S20020 Roosen Gabriel Manurung\\RAKAMIN\\FINALPROJECT\\blog\\vendor\\laravel\\framework\\src\\Illuminate\\View\\Engines\\CompilerEngine.php(59): Illuminate\\View\\Engines\\PhpEngine->evaluatePath('C:\\\\11S20020 Roo...', Array)
#5 C:\\11S20020 Roosen Gabriel Manurung\\RAKAMIN\\FINALPROJECT\\blog\\vendor\\facade\\ignition\\src\\Views\\Engines\\CompilerEngine.php(36): Illuminate\\View\\Engines\\CompilerEngine->get('C:\\\\11S20020 Roo...', Array)
#6 C:\\11S20020 Roosen Gabriel Manurung\\RAKAMIN\\FINALPROJECT\\blog\\vendor\\laravel\\framework\\src\\Illuminate\\View\\View.php(143): Facade\\Ignition\\Views\\Engines\\CompilerEngine->get('C:\\\\11S20020 Roo...', Array)
#7 C:\\11S20020 Roosen Gabriel Manurung\\RAKAMIN\\FINALPROJECT\\blog\\vendor\\laravel\\framework\\src\\Illuminate\\View\\View.php(126): Illuminate\\View\\View->getContents()
#8 C:\\11S20020 Roosen Gabriel Manurung\\RAKAMIN\\FINALPROJECT\\blog\\vendor\\laravel\\framework\\src\\Illuminate\\View\\View.php(91): Illuminate\\View\\View->renderContents()
#9 C:\\11S20020 Roosen Gabriel Manurung\\RAKAMIN\\FINALPROJECT\\blog\\vendor\\laravel\\framework\\src\\Illuminate\\Http\\Response.php(42): Illuminate\\View\\View->render()
#10 C:\\11S20020 Roosen Gabriel Manurung\\RAKAMIN\\FINALPROJECT\\blog\\vendor\\symfony\\http-foundation\\Response.php(205): Illuminate\\Http\\Response->setContent(Object(Illuminate\\View\\View))
#11 C:\\11S20020 Roosen Gabriel Manurung\\RAKAMIN\\FINALPROJECT\\blog\\vendor\\laravel\\framework\\src\\Illuminate\\Routing\\Router.php(749): Symfony\\Component\\HttpFoundation\\Response->__construct(Object(Illuminate\\View\\View), 200, Array)
#12 C:\\11S20020 Roosen Gabriel Manurung\\RAKAMIN\\FINALPROJECT\\blog\\vendor\\laravel\\framework\\src\\Illuminate\\Routing\\Router.php(721): Illuminate\\Routing\\Router::toResponse(Object(Illuminate\\Http\\Request), Object(Illuminate\\View\\View))
#13 C:\\11S20020 Roosen Gabriel Manurung\\RAKAMIN\\FINALPROJECT\\blog\\vendor\\laravel\\framework\\src\\Illuminate\\Routing\\Router.php(681): Illuminate\\Routing\\Router->prepareResponse(Object(Illuminate\\Http\\Request), Object(Illuminate\\View\\View))
#14 C:\\11S20020 Roosen Gabriel Manurung\\RAKAMIN\\FINALPROJECT\\blog\\vendor\\laravel\\framework\\src\\Illuminate\\Pipeline\\Pipeline.php(130): Illuminate\\Routing\\Router->Illuminate\\Routing\\{closure}(Object(Illuminate\\Http\\Request))
#15 C:\\11S20020 Roosen Gabriel Manurung\\RAKAMIN\\FINALPROJECT\\blog\\vendor\\laravel\\framework\\src\\Illuminate\\Routing\\Middleware\\SubstituteBindings.php(41): Illuminate\\Pipeline\\Pipeline->Illuminate\\Pipeline\\{closure}(Object(Illuminate\\Http\\Request))
#16 C:\\11S20020 Roosen Gabriel Manurung\\RAKAMIN\\FINALPROJECT\\blog\\vendor\\laravel\\framework\\src\\Illuminate\\Pipeline\\Pipeline.php(171): Illuminate\\Routing\\Middleware\\SubstituteBindings->handle(Object(Illuminate\\Http\\Request), Object(Closure))
#17 C:\\11S20020 Roosen Gabriel Manurung\\RAKAMIN\\FINALPROJECT\\blog\\vendor\\laravel\\framework\\src\\Illuminate\\Foundation\\Http\\Middleware\\VerifyCsrfToken.php(78): Illuminate\\Pipeline\\Pipeline->Illuminate\\Pipeline\\{closure}(Object(Illuminate\\Http\\Request))
#18 C:\\11S20020 Roosen Gabriel Manurung\\RAKAMIN\\FINALPROJECT\\blog\\vendor\\laravel\\framework\\src\\Illuminate\\Pipeline\\Pipeline.php(171): Illuminate\\Foundation\\Http\\Middleware\\VerifyCsrfToken->handle(Object(Illuminate\\Http\\Request), Object(Closure))
#19 C:\\11S20020 Roosen Gabriel Manurung\\RAKAMIN\\FINALPROJECT\\blog\\vendor\\laravel\\framework\\src\\Illuminate\\View\\Middleware\\ShareErrorsFromSession.php(49): Illuminate\\Pipeline\\Pipeline->Illuminate\\Pipeline\\{closure}(Object(Illuminate\\Http\\Request))
#20 C:\\11S20020 Roosen Gabriel Manurung\\RAKAMIN\\FINALPROJECT\\blog\\vendor\\laravel\\framework\\src\\Illuminate\\Pipeline\\Pipeline.php(171): Illuminate\\View\\Middleware\\ShareErrorsFromSession->handle(Object(Illuminate\\Http\\Request), Object(Closure))
#21 C:\\11S20020 Roosen Gabriel Manurung\\RAKAMIN\\FINALPROJECT\\blog\\vendor\\laravel\\framework\\src\\Illuminate\\Session\\Middleware\\StartSession.php(56): Illuminate\\Pipeline\\Pipeline->Illuminate\\Pipeline\\{closure}(Object(Illuminate\\Http\\Request))
#22 C:\\11S20020 Roosen Gabriel Manurung\\RAKAMIN\\FINALPROJECT\\blog\\vendor\\laravel\\framework\\src\\Illuminate\\Pipeline\\Pipeline.php(171): Illuminate\\Session\\Middleware\\StartSession->handle(Object(Illuminate\\Http\\Request), Object(Closure))
#23 C:\\11S20020 Roosen Gabriel Manurung\\RAKAMIN\\FINALPROJECT\\blog\\vendor\\laravel\\framework\\src\\Illuminate\\Cookie\\Middleware\\AddQueuedCookiesToResponse.php(37): Illuminate\\Pipeline\\Pipeline->Illuminate\\Pipeline\\{closure}(Object(Illuminate\\Http\\Request))
#24 C:\\11S20020 Roosen Gabriel Manurung\\RAKAMIN\\FINALPROJECT\\blog\\vendor\\laravel\\framework\\src\\Illuminate\\Pipeline\\Pipeline.php(171): Illuminate\\Cookie\\Middleware\\AddQueuedCookiesToResponse->handle(Object(Illuminate\\Http\\Request), Object(Closure))
#25 C:\\11S20020 Roosen Gabriel Manurung\\RAKAMIN\\FINALPROJECT\\blog\\vendor\\laravel\\framework\\src\\Illuminate\\Cookie\\Middleware\\EncryptCookies.php(67): Illuminate\\Pipeline\\Pipeline->Illuminate\\Pipeline\\{closure}(Object(Illuminate\\Http\\Request))
#26 C:\\11S20020 Roosen Gabriel Manurung\\RAKAMIN\\FINALPROJECT\\blog\\vendor\\laravel\\framework\\src\\Illuminate\\Pipeline\\Pipeline.php(171): Illuminate\\Cookie\\Middleware\\EncryptCookies->handle(Object(Illuminate\\Http\\Request), Object(Closure))
#27 C:\\11S20020 Roosen Gabriel Manurung\\RAKAMIN\\FINALPROJECT\\blog\\vendor\\laravel\\framework\\src\\Illuminate\\Pipeline\\Pipeline.php(105): Illuminate\\Pipeline\\Pipeline->Illuminate\\Pipeline\\{closure}(Object(Illuminate\\Http\\Request))
#28 C:\\11S20020 Roosen Gabriel Manurung\\RAKAMIN\\FINALPROJECT\\blog\\vendor\\laravel\\framework\\src\\Illuminate\\Routing\\Router.php(683): Illuminate\\Pipeline\\Pipeline->then(Object(Closure))
#29 C:\\11S20020 Roosen Gabriel Manurung\\RAKAMIN\\FINALPROJECT\\blog\\vendor\\laravel\\framework\\src\\Illuminate\\Routing\\Router.php(658): Illuminate\\Routing\\Router->runRouteWithinStack(Object(Illuminate\\Routing\\Route), Object(Illuminate\\Http\\Request))
#30 C:\\11S20020 Roosen Gabriel Manurung\\RAKAMIN\\FINALPROJECT\\blog\\vendor\\laravel\\framework\\src\\Illuminate\\Routing\\Router.php(624): Illuminate\\Routing\\Router->runRoute(Object(Illuminate\\Http\\Request), Object(Illuminate\\Routing\\Route))
#31 C:\\11S20020 Roosen Gabriel Manurung\\RAKAMIN\\FINALPROJECT\\blog\\vendor\\laravel\\framework\\src\\Illuminate\\Routing\\Router.php(613): Illuminate\\Routing\\Router->dispatchToRoute(Object(Illuminate\\Http\\Request))
#32 C:\\11S20020 Roosen Gabriel Manurung\\RAKAMIN\\FINALPROJECT\\blog\\vendor\\laravel\\framework\\src\\Illuminate\\Foundation\\Http\\Kernel.php(170): Illuminate\\Routing\\Router->dispatch(Object(Illuminate\\Http\\Request))
#33 C:\\11S20020 Roosen Gabriel Manurung\\RAKAMIN\\FINALPROJECT\\blog\\vendor\\laravel\\framework\\src\\Illuminate\\Pipeline\\Pipeline.php(130): Illuminate\\Foundation\\Http\\Kernel->Illuminate\\Foundation\\Http\\{closure}(Object(Illuminate\\Http\\Request))
#34 C:\\11S20020 Roosen Gabriel Manurung\\RAKAMIN\\FINALPROJECT\\blog\\vendor\\laravel\\framework\\src\\Illuminate\\Foundation\\Http\\Middleware\\TransformsRequest.php(21): Illuminate\\Pipeline\\Pipeline->Illuminate\\Pipeline\\{closure}(Object(Illuminate\\Http\\Request))
#35 C:\\11S20020 Roosen Gabriel Manurung\\RAKAMIN\\FINALPROJECT\\blog\\vendor\\laravel\\framework\\src\\Illuminate\\Pipeline\\Pipeline.php(171): Illuminate\\Foundation\\Http\\Middleware\\TransformsRequest->handle(Object(Illuminate\\Http\\Request), Object(Closure))
#36 C:\\11S20020 Roosen Gabriel Manurung\\RAKAMIN\\FINALPROJECT\\blog\\vendor\\laravel\\framework\\src\\Illuminate\\Foundation\\Http\\Middleware\\TransformsRequest.php(21): Illuminate\\Pipeline\\Pipeline->Illuminate\\Pipeline\\{closure}(Object(Illuminate\\Http\\Request))
#37 C:\\11S20020 Roosen Gabriel Manurung\\RAKAMIN\\FINALPROJECT\\blog\\vendor\\laravel\\framework\\src\\Illuminate\\Pipeline\\Pipeline.php(171): Illuminate\\Foundation\\Http\\Middleware\\TransformsRequest->handle(Object(Illuminate\\Http\\Request), Object(Closure))
#38 C:\\11S20020 Roosen Gabriel Manurung\\RAKAMIN\\FINALPROJECT\\blog\\vendor\\laravel\\framework\\src\\Illuminate\\Foundation\\Http\\Middleware\\ValidatePostSize.php(27): Illuminate\\Pipeline\\Pipeline->Illuminate\\Pipeline\\{closure}(Object(Illuminate\\Http\\Request))
#39 C:\\11S20020 Roosen Gabriel Manurung\\RAKAMIN\\FINALPROJECT\\blog\\vendor\\laravel\\framework\\src\\Illuminate\\Pipeline\\Pipeline.php(171): Illuminate\\Foundation\\Http\\Middleware\\ValidatePostSize->handle(Object(Illuminate\\Http\\Request), Object(Closure))
#40 C:\\11S20020 Roosen Gabriel Manurung\\RAKAMIN\\FINALPROJECT\\blog\\vendor\\laravel\\framework\\src\\Illuminate\\Foundation\\Http\\Middleware\\CheckForMaintenanceMode.php(63): Illuminate\\Pipeline\\Pipeline->Illuminate\\Pipeline\\{closure}(Object(Illuminate\\Http\\Request))
#41 C:\\11S20020 Roosen Gabriel Manurung\\RAKAMIN\\FINALPROJECT\\blog\\vendor\\laravel\\framework\\src\\Illuminate\\Pipeline\\Pipeline.php(171): Illuminate\\Foundation\\Http\\Middleware\\CheckForMaintenanceMode->handle(Object(Illuminate\\Http\\Request), Object(Closure))
#42 C:\\11S20020 Roosen Gabriel Manurung\\RAKAMIN\\FINALPROJECT\\blog\\vendor\\fideloper\\proxy\\src\\TrustProxies.php(57): Illuminate\\Pipeline\\Pipeline->Illuminate\\Pipeline\\{closure}(Object(Illuminate\\Http\\Request))
#43 C:\\11S20020 Roosen Gabriel Manurung\\RAKAMIN\\FINALPROJECT\\blog\\vendor\\laravel\\framework\\src\\Illuminate\\Pipeline\\Pipeline.php(171): Fideloper\\Proxy\\TrustProxies->handle(Object(Illuminate\\Http\\Request), Object(Closure))
#44 C:\\11S20020 Roosen Gabriel Manurung\\RAKAMIN\\FINALPROJECT\\blog\\vendor\\laravel\\framework\\src\\Illuminate\\Pipeline\\Pipeline.php(105): Illuminate\\Pipeline\\Pipeline->Illuminate\\Pipeline\\{closure}(Object(Illuminate\\Http\\Request))
#45 C:\\11S20020 Roosen Gabriel Manurung\\RAKAMIN\\FINALPROJECT\\blog\\vendor\\laravel\\framework\\src\\Illuminate\\Foundation\\Http\\Kernel.php(145): Illuminate\\Pipeline\\Pipeline->then(Object(Closure))
#46 C:\\11S20020 Roosen Gabriel Manurung\\RAKAMIN\\FINALPROJECT\\blog\\vendor\\laravel\\framework\\src\\Illuminate\\Foundation\\Http\\Kernel.php(110): Illuminate\\Foundation\\Http\\Kernel->sendRequestThroughRouter(Object(Illuminate\\Http\\Request))
#47 C:\\11S20020 Roosen Gabriel Manurung\\RAKAMIN\\FINALPROJECT\\blog\\public\\index.php(55): Illuminate\\Foundation\\Http\\Kernel->handle(Object(Illuminate\\Http\\Request))
#48 C:\\11S20020 Roosen Gabriel Manurung\\RAKAMIN\\FINALPROJECT\\blog\\server.php(21): require_once('C:\\\\11S20020 Roo...')
#49 {main}
"} 
[2022-07-31 11:59:35] local.ERROR: View [partial.nav] not found. (View: C:\11S20020 Roosen Gabriel Manurung\RAKAMIN\FINALPROJECT\blog\resources\views\layout\master.blade.php) {"exception":"[object] (Facade\\Ignition\\Exceptions\\ViewException(code: 0): View [partial.nav] not found. (View: C:\\11S20020 Roosen Gabriel Manurung\\RAKAMIN\\FINALPROJECT\\blog\\resources\\views\\layout\\master.blade.php) at C:\\11S20020 Roosen Gabriel Manurung\\RAKAMIN\\FINALPROJECT\\blog\\vendor\\laravel\\framework\\src\\Illuminate\\View\\FileViewFinder.php:137)
[stacktrace]
#0 C:\\11S20020 Roosen Gabriel Manurung\\RAKAMIN\\FINALPROJECT\\blog\\vendor\\laravel\\framework\\src\\Illuminate\\View\\FileViewFinder.php(79): Illuminate\\View\\FileViewFinder->findInPaths('partial.nav', Array)
#1 C:\\11S20020 Roosen Gabriel Manurung\\RAKAMIN\\FINALPROJECT\\blog\\vendor\\laravel\\framework\\src\\Illuminate\\View\\Factory.php(131): Illuminate\\View\\FileViewFinder->find('partial.nav')
#2 C:\\11S20020 Roosen Gabriel Manurung\\RAKAMIN\\FINALPROJECT\\blog\\resources\\views/layout/master.blade.php(20): Illuminate\\View\\Factory->make('partial.nav', Array)
#3 C:\\11S20020 Roosen Gabriel Manurung\\RAKAMIN\\FINALPROJECT\\blog\\vendor\\laravel\\framework\\src\\Illuminate\\View\\Engines\\PhpEngine.php(43): include('C:\\\\11S20020 Roo...')
#4 C:\\11S20020 Roosen Gabriel Manurung\\RAKAMIN\\FINALPROJECT\\blog\\vendor\\laravel\\framework\\src\\Illuminate\\View\\Engines\\CompilerEngine.php(59): Illuminate\\View\\Engines\\PhpEngine->evaluatePath('C:\\\\11S20020 Roo...', Array)
#5 C:\\11S20020 Roosen Gabriel Manurung\\RAKAMIN\\FINALPROJECT\\blog\\vendor\\facade\\ignition\\src\\Views\\Engines\\CompilerEngine.php(36): Illuminate\\View\\Engines\\CompilerEngine->get('C:\\\\11S20020 Roo...', Array)
#6 C:\\11S20020 Roosen Gabriel Manurung\\RAKAMIN\\FINALPROJECT\\blog\\vendor\\laravel\\framework\\src\\Illuminate\\View\\View.php(143): Facade\\Ignition\\Views\\Engines\\CompilerEngine->get('C:\\\\11S20020 Roo...', Array)
#7 C:\\11S20020 Roosen Gabriel Manurung\\RAKAMIN\\FINALPROJECT\\blog\\vendor\\laravel\\framework\\src\\Illuminate\\View\\View.php(126): Illuminate\\View\\View->getContents()
#8 C:\\11S20020 Roosen Gabriel Manurung\\RAKAMIN\\FINALPROJECT\\blog\\vendor\\laravel\\framework\\src\\Illuminate\\View\\View.php(91): Illuminate\\View\\View->renderContents()
#9 C:\\11S20020 Roosen Gabriel Manurung\\RAKAMIN\\FINALPROJECT\\blog\\vendor\\laravel\\framework\\src\\Illuminate\\Http\\Response.php(42): Illuminate\\View\\View->render()
#10 C:\\11S20020 Roosen Gabriel Manurung\\RAKAMIN\\FINALPROJECT\\blog\\vendor\\symfony\\http-foundation\\Response.php(205): Illuminate\\Http\\Response->setContent(Object(Illuminate\\View\\View))
#11 C:\\11S20020 Roosen Gabriel Manurung\\RAKAMIN\\FINALPROJECT\\blog\\vendor\\laravel\\framework\\src\\Illuminate\\Routing\\Router.php(749): Symfony\\Component\\HttpFoundation\\Response->__construct(Object(Illuminate\\View\\View), 200, Array)
#12 C:\\11S20020 Roosen Gabriel Manurung\\RAKAMIN\\FINALPROJECT\\blog\\vendor\\laravel\\framework\\src\\Illuminate\\Routing\\Router.php(721): Illuminate\\Routing\\Router::toResponse(Object(Illuminate\\Http\\Request), Object(Illuminate\\View\\View))
#13 C:\\11S20020 Roosen Gabriel Manurung\\RAKAMIN\\FINALPROJECT\\blog\\vendor\\laravel\\framework\\src\\Illuminate\\Routing\\Router.php(681): Illuminate\\Routing\\Router->prepareResponse(Object(Illuminate\\Http\\Request), Object(Illuminate\\View\\View))
#14 C:\\11S20020 Roosen Gabriel Manurung\\RAKAMIN\\FINALPROJECT\\blog\\vendor\\laravel\\framework\\src\\Illuminate\\Pipeline\\Pipeline.php(130): Illuminate\\Routing\\Router->Illuminate\\Routing\\{closure}(Object(Illuminate\\Http\\Request))
#15 C:\\11S20020 Roosen Gabriel Manurung\\RAKAMIN\\FINALPROJECT\\blog\\vendor\\laravel\\framework\\src\\Illuminate\\Routing\\Middleware\\SubstituteBindings.php(41): Illuminate\\Pipeline\\Pipeline->Illuminate\\Pipeline\\{closure}(Object(Illuminate\\Http\\Request))
#16 C:\\11S20020 Roosen Gabriel Manurung\\RAKAMIN\\FINALPROJECT\\blog\\vendor\\laravel\\framework\\src\\Illuminate\\Pipeline\\Pipeline.php(171): Illuminate\\Routing\\Middleware\\SubstituteBindings->handle(Object(Illuminate\\Http\\Request), Object(Closure))
#17 C:\\11S20020 Roosen Gabriel Manurung\\RAKAMIN\\FINALPROJECT\\blog\\vendor\\laravel\\framework\\src\\Illuminate\\Foundation\\Http\\Middleware\\VerifyCsrfToken.php(78): Illuminate\\Pipeline\\Pipeline->Illuminate\\Pipeline\\{closure}(Object(Illuminate\\Http\\Request))
#18 C:\\11S20020 Roosen Gabriel Manurung\\RAKAMIN\\FINALPROJECT\\blog\\vendor\\laravel\\framework\\src\\Illuminate\\Pipeline\\Pipeline.php(171): Illuminate\\Foundation\\Http\\Middleware\\VerifyCsrfToken->handle(Object(Illuminate\\Http\\Request), Object(Closure))
#19 C:\\11S20020 Roosen Gabriel Manurung\\RAKAMIN\\FINALPROJECT\\blog\\vendor\\laravel\\framework\\src\\Illuminate\\View\\Middleware\\ShareErrorsFromSession.php(49): Illuminate\\Pipeline\\Pipeline->Illuminate\\Pipeline\\{closure}(Object(Illuminate\\Http\\Request))
#20 C:\\11S20020 Roosen Gabriel Manurung\\RAKAMIN\\FINALPROJECT\\blog\\vendor\\laravel\\framework\\src\\Illuminate\\Pipeline\\Pipeline.php(171): Illuminate\\View\\Middleware\\ShareErrorsFromSession->handle(Object(Illuminate\\Http\\Request), Object(Closure))
#21 C:\\11S20020 Roosen Gabriel Manurung\\RAKAMIN\\FINALPROJECT\\blog\\vendor\\laravel\\framework\\src\\Illuminate\\Session\\Middleware\\StartSession.php(56): Illuminate\\Pipeline\\Pipeline->Illuminate\\Pipeline\\{closure}(Object(Illuminate\\Http\\Request))
#22 C:\\11S20020 Roosen Gabriel Manurung\\RAKAMIN\\FINALPROJECT\\blog\\vendor\\laravel\\framework\\src\\Illuminate\\Pipeline\\Pipeline.php(171): Illuminate\\Session\\Middleware\\StartSession->handle(Object(Illuminate\\Http\\Request), Object(Closure))
#23 C:\\11S20020 Roosen Gabriel Manurung\\RAKAMIN\\FINALPROJECT\\blog\\vendor\\laravel\\framework\\src\\Illuminate\\Cookie\\Middleware\\AddQueuedCookiesToResponse.php(37): Illuminate\\Pipeline\\Pipeline->Illuminate\\Pipeline\\{closure}(Object(Illuminate\\Http\\Request))
#24 C:\\11S20020 Roosen Gabriel Manurung\\RAKAMIN\\FINALPROJECT\\blog\\vendor\\laravel\\framework\\src\\Illuminate\\Pipeline\\Pipeline.php(171): Illuminate\\Cookie\\Middleware\\AddQueuedCookiesToResponse->handle(Object(Illuminate\\Http\\Request), Object(Closure))
#25 C:\\11S20020 Roosen Gabriel Manurung\\RAKAMIN\\FINALPROJECT\\blog\\vendor\\laravel\\framework\\src\\Illuminate\\Cookie\\Middleware\\EncryptCookies.php(67): Illuminate\\Pipeline\\Pipeline->Illuminate\\Pipeline\\{closure}(Object(Illuminate\\Http\\Request))
#26 C:\\11S20020 Roosen Gabriel Manurung\\RAKAMIN\\FINALPROJECT\\blog\\vendor\\laravel\\framework\\src\\Illuminate\\Pipeline\\Pipeline.php(171): Illuminate\\Cookie\\Middleware\\EncryptCookies->handle(Object(Illuminate\\Http\\Request), Object(Closure))
#27 C:\\11S20020 Roosen Gabriel Manurung\\RAKAMIN\\FINALPROJECT\\blog\\vendor\\laravel\\framework\\src\\Illuminate\\Pipeline\\Pipeline.php(105): Illuminate\\Pipeline\\Pipeline->Illuminate\\Pipeline\\{closure}(Object(Illuminate\\Http\\Request))
#28 C:\\11S20020 Roosen Gabriel Manurung\\RAKAMIN\\FINALPROJECT\\blog\\vendor\\laravel\\framework\\src\\Illuminate\\Routing\\Router.php(683): Illuminate\\Pipeline\\Pipeline->then(Object(Closure))
#29 C:\\11S20020 Roosen Gabriel Manurung\\RAKAMIN\\FINALPROJECT\\blog\\vendor\\laravel\\framework\\src\\Illuminate\\Routing\\Router.php(658): Illuminate\\Routing\\Router->runRouteWithinStack(Object(Illuminate\\Routing\\Route), Object(Illuminate\\Http\\Request))
#30 C:\\11S20020 Roosen Gabriel Manurung\\RAKAMIN\\FINALPROJECT\\blog\\vendor\\laravel\\framework\\src\\Illuminate\\Routing\\Router.php(624): Illuminate\\Routing\\Router->runRoute(Object(Illuminate\\Http\\Request), Object(Illuminate\\Routing\\Route))
#31 C:\\11S20020 Roosen Gabriel Manurung\\RAKAMIN\\FINALPROJECT\\blog\\vendor\\laravel\\framework\\src\\Illuminate\\Routing\\Router.php(613): Illuminate\\Routing\\Router->dispatchToRoute(Object(Illuminate\\Http\\Request))
#32 C:\\11S20020 Roosen Gabriel Manurung\\RAKAMIN\\FINALPROJECT\\blog\\vendor\\laravel\\framework\\src\\Illuminate\\Foundation\\Http\\Kernel.php(170): Illuminate\\Routing\\Router->dispatch(Object(Illuminate\\Http\\Request))
#33 C:\\11S20020 Roosen Gabriel Manurung\\RAKAMIN\\FINALPROJECT\\blog\\vendor\\laravel\\framework\\src\\Illuminate\\Pipeline\\Pipeline.php(130): Illuminate\\Foundation\\Http\\Kernel->Illuminate\\Foundation\\Http\\{closure}(Object(Illuminate\\Http\\Request))
#34 C:\\11S20020 Roosen Gabriel Manurung\\RAKAMIN\\FINALPROJECT\\blog\\vendor\\laravel\\framework\\src\\Illuminate\\Foundation\\Http\\Middleware\\TransformsRequest.php(21): Illuminate\\Pipeline\\Pipeline->Illuminate\\Pipeline\\{closure}(Object(Illuminate\\Http\\Request))
#35 C:\\11S20020 Roosen Gabriel Manurung\\RAKAMIN\\FINALPROJECT\\blog\\vendor\\laravel\\framework\\src\\Illuminate\\Pipeline\\Pipeline.php(171): Illuminate\\Foundation\\Http\\Middleware\\TransformsRequest->handle(Object(Illuminate\\Http\\Request), Object(Closure))
#36 C:\\11S20020 Roosen Gabriel Manurung\\RAKAMIN\\FINALPROJECT\\blog\\vendor\\laravel\\framework\\src\\Illuminate\\Foundation\\Http\\Middleware\\TransformsRequest.php(21): Illuminate\\Pipeline\\Pipeline->Illuminate\\Pipeline\\{closure}(Object(Illuminate\\Http\\Request))
#37 C:\\11S20020 Roosen Gabriel Manurung\\RAKAMIN\\FINALPROJECT\\blog\\vendor\\laravel\\framework\\src\\Illuminate\\Pipeline\\Pipeline.php(171): Illuminate\\Foundation\\Http\\Middleware\\TransformsRequest->handle(Object(Illuminate\\Http\\Request), Object(Closure))
#38 C:\\11S20020 Roosen Gabriel Manurung\\RAKAMIN\\FINALPROJECT\\blog\\vendor\\laravel\\framework\\src\\Illuminate\\Foundation\\Http\\Middleware\\ValidatePostSize.php(27): Illuminate\\Pipeline\\Pipeline->Illuminate\\Pipeline\\{closure}(Object(Illuminate\\Http\\Request))
#39 C:\\11S20020 Roosen Gabriel Manurung\\RAKAMIN\\FINALPROJECT\\blog\\vendor\\laravel\\framework\\src\\Illuminate\\Pipeline\\Pipeline.php(171): Illuminate\\Foundation\\Http\\Middleware\\ValidatePostSize->handle(Object(Illuminate\\Http\\Request), Object(Closure))
#40 C:\\11S20020 Roosen Gabriel Manurung\\RAKAMIN\\FINALPROJECT\\blog\\vendor\\laravel\\framework\\src\\Illuminate\\Foundation\\Http\\Middleware\\CheckForMaintenanceMode.php(63): Illuminate\\Pipeline\\Pipeline->Illuminate\\Pipeline\\{closure}(Object(Illuminate\\Http\\Request))
#41 C:\\11S20020 Roosen Gabriel Manurung\\RAKAMIN\\FINALPROJECT\\blog\\vendor\\laravel\\framework\\src\\Illuminate\\Pipeline\\Pipeline.php(171): Illuminate\\Foundation\\Http\\Middleware\\CheckForMaintenanceMode->handle(Object(Illuminate\\Http\\Request), Object(Closure))
#42 C:\\11S20020 Roosen Gabriel Manurung\\RAKAMIN\\FINALPROJECT\\blog\\vendor\\fideloper\\proxy\\src\\TrustProxies.php(57): Illuminate\\Pipeline\\Pipeline->Illuminate\\Pipeline\\{closure}(Object(Illuminate\\Http\\Request))
#43 C:\\11S20020 Roosen Gabriel Manurung\\RAKAMIN\\FINALPROJECT\\blog\\vendor\\laravel\\framework\\src\\Illuminate\\Pipeline\\Pipeline.php(171): Fideloper\\Proxy\\TrustProxies->handle(Object(Illuminate\\Http\\Request), Object(Closure))
#44 C:\\11S20020 Roosen Gabriel Manurung\\RAKAMIN\\FINALPROJECT\\blog\\vendor\\laravel\\framework\\src\\Illuminate\\Pipeline\\Pipeline.php(105): Illuminate\\Pipeline\\Pipeline->Illuminate\\Pipeline\\{closure}(Object(Illuminate\\Http\\Request))
#45 C:\\11S20020 Roosen Gabriel Manurung\\RAKAMIN\\FINALPROJECT\\blog\\vendor\\laravel\\framework\\src\\Illuminate\\Foundation\\Http\\Kernel.php(145): Illuminate\\Pipeline\\Pipeline->then(Object(Closure))
#46 C:\\11S20020 Roosen Gabriel Manurung\\RAKAMIN\\FINALPROJECT\\blog\\vendor\\laravel\\framework\\src\\Illuminate\\Foundation\\Http\\Kernel.php(110): Illuminate\\Foundation\\Http\\Kernel->sendRequestThroughRouter(Object(Illuminate\\Http\\Request))
#47 C:\\11S20020 Roosen Gabriel Manurung\\RAKAMIN\\FINALPROJECT\\blog\\public\\index.php(55): Illuminate\\Foundation\\Http\\Kernel->handle(Object(Illuminate\\Http\\Request))
#48 C:\\11S20020 Roosen Gabriel Manurung\\RAKAMIN\\FINALPROJECT\\blog\\server.php(21): require_once('C:\\\\11S20020 Roo...')
#49 {main}

[previous exception] [object] (InvalidArgumentException(code: 0): View [partial.nav] not found. at C:\\11S20020 Roosen Gabriel Manurung\\RAKAMIN\\FINALPROJECT\\blog\\vendor\\laravel\\framework\\src\\Illuminate\\View\\FileViewFinder.php:137)
[stacktrace]
#0 C:\\11S20020 Roosen Gabriel Manurung\\RAKAMIN\\FINALPROJECT\\blog\\vendor\\laravel\\framework\\src\\Illuminate\\View\\FileViewFinder.php(79): Illuminate\\View\\FileViewFinder->findInPaths('partial.nav', Array)
#1 C:\\11S20020 Roosen Gabriel Manurung\\RAKAMIN\\FINALPROJECT\\blog\\vendor\\laravel\\framework\\src\\Illuminate\\View\\Factory.php(131): Illuminate\\View\\FileViewFinder->find('partial.nav')
#2 C:\\11S20020 Roosen Gabriel Manurung\\RAKAMIN\\FINALPROJECT\\blog\\storage\\framework\\views\\a11ea5e09af1d3eef336a059d9f546828d49140e.php(20): Illuminate\\View\\Factory->make('partial.nav', Array)
#3 C:\\11S20020 Roosen Gabriel Manurung\\RAKAMIN\\FINALPROJECT\\blog\\vendor\\laravel\\framework\\src\\Illuminate\\View\\Engines\\PhpEngine.php(43): include('C:\\\\11S20020 Roo...')
#4 C:\\11S20020 Roosen Gabriel Manurung\\RAKAMIN\\FINALPROJECT\\blog\\vendor\\laravel\\framework\\src\\Illuminate\\View\\Engines\\CompilerEngine.php(59): Illuminate\\View\\Engines\\PhpEngine->evaluatePath('C:\\\\11S20020 Roo...', Array)
#5 C:\\11S20020 Roosen Gabriel Manurung\\RAKAMIN\\FINALPROJECT\\blog\\vendor\\facade\\ignition\\src\\Views\\Engines\\CompilerEngine.php(36): Illuminate\\View\\Engines\\CompilerEngine->get('C:\\\\11S20020 Roo...', Array)
#6 C:\\11S20020 Roosen Gabriel Manurung\\RAKAMIN\\FINALPROJECT\\blog\\vendor\\laravel\\framework\\src\\Illuminate\\View\\View.php(143): Facade\\Ignition\\Views\\Engines\\CompilerEngine->get('C:\\\\11S20020 Roo...', Array)
#7 C:\\11S20020 Roosen Gabriel Manurung\\RAKAMIN\\FINALPROJECT\\blog\\vendor\\laravel\\framework\\src\\Illuminate\\View\\View.php(126): Illuminate\\View\\View->getContents()
#8 C:\\11S20020 Roosen Gabriel Manurung\\RAKAMIN\\FINALPROJECT\\blog\\vendor\\laravel\\framework\\src\\Illuminate\\View\\View.php(91): Illuminate\\View\\View->renderContents()
#9 C:\\11S20020 Roosen Gabriel Manurung\\RAKAMIN\\FINALPROJECT\\blog\\vendor\\laravel\\framework\\src\\Illuminate\\Http\\Response.php(42): Illuminate\\View\\View->render()
#10 C:\\11S20020 Roosen Gabriel Manurung\\RAKAMIN\\FINALPROJECT\\blog\\vendor\\symfony\\http-foundation\\Response.php(205): Illuminate\\Http\\Response->setContent(Object(Illuminate\\View\\View))
#11 C:\\11S20020 Roosen Gabriel Manurung\\RAKAMIN\\FINALPROJECT\\blog\\vendor\\laravel\\framework\\src\\Illuminate\\Routing\\Router.php(749): Symfony\\Component\\HttpFoundation\\Response->__construct(Object(Illuminate\\View\\View), 200, Array)
#12 C:\\11S20020 Roosen Gabriel Manurung\\RAKAMIN\\FINALPROJECT\\blog\\vendor\\laravel\\framework\\src\\Illuminate\\Routing\\Router.php(721): Illuminate\\Routing\\Router::toResponse(Object(Illuminate\\Http\\Request), Object(Illuminate\\View\\View))
#13 C:\\11S20020 Roosen Gabriel Manurung\\RAKAMIN\\FINALPROJECT\\blog\\vendor\\laravel\\framework\\src\\Illuminate\\Routing\\Router.php(681): Illuminate\\Routing\\Router->prepareResponse(Object(Illuminate\\Http\\Request), Object(Illuminate\\View\\View))
#14 C:\\11S20020 Roosen Gabriel Manurung\\RAKAMIN\\FINALPROJECT\\blog\\vendor\\laravel\\framework\\src\\Illuminate\\Pipeline\\Pipeline.php(130): Illuminate\\Routing\\Router->Illuminate\\Routing\\{closure}(Object(Illuminate\\Http\\Request))
#15 C:\\11S20020 Roosen Gabriel Manurung\\RAKAMIN\\FINALPROJECT\\blog\\vendor\\laravel\\framework\\src\\Illuminate\\Routing\\Middleware\\SubstituteBindings.php(41): Illuminate\\Pipeline\\Pipeline->Illuminate\\Pipeline\\{closure}(Object(Illuminate\\Http\\Request))
#16 C:\\11S20020 Roosen Gabriel Manurung\\RAKAMIN\\FINALPROJECT\\blog\\vendor\\laravel\\framework\\src\\Illuminate\\Pipeline\\Pipeline.php(171): Illuminate\\Routing\\Middleware\\SubstituteBindings->handle(Object(Illuminate\\Http\\Request), Object(Closure))
#17 C:\\11S20020 Roosen Gabriel Manurung\\RAKAMIN\\FINALPROJECT\\blog\\vendor\\laravel\\framework\\src\\Illuminate\\Foundation\\Http\\Middleware\\VerifyCsrfToken.php(78): Illuminate\\Pipeline\\Pipeline->Illuminate\\Pipeline\\{closure}(Object(Illuminate\\Http\\Request))
#18 C:\\11S20020 Roosen Gabriel Manurung\\RAKAMIN\\FINALPROJECT\\blog\\vendor\\laravel\\framework\\src\\Illuminate\\Pipeline\\Pipeline.php(171): Illuminate\\Foundation\\Http\\Middleware\\VerifyCsrfToken->handle(Object(Illuminate\\Http\\Request), Object(Closure))
#19 C:\\11S20020 Roosen Gabriel Manurung\\RAKAMIN\\FINALPROJECT\\blog\\vendor\\laravel\\framework\\src\\Illuminate\\View\\Middleware\\ShareErrorsFromSession.php(49): Illuminate\\Pipeline\\Pipeline->Illuminate\\Pipeline\\{closure}(Object(Illuminate\\Http\\Request))
#20 C:\\11S20020 Roosen Gabriel Manurung\\RAKAMIN\\FINALPROJECT\\blog\\vendor\\laravel\\framework\\src\\Illuminate\\Pipeline\\Pipeline.php(171): Illuminate\\View\\Middleware\\ShareErrorsFromSession->handle(Object(Illuminate\\Http\\Request), Object(Closure))
#21 C:\\11S20020 Roosen Gabriel Manurung\\RAKAMIN\\FINALPROJECT\\blog\\vendor\\laravel\\framework\\src\\Illuminate\\Session\\Middleware\\StartSession.php(56): Illuminate\\Pipeline\\Pipeline->Illuminate\\Pipeline\\{closure}(Object(Illuminate\\Http\\Request))
#22 C:\\11S20020 Roosen Gabriel Manurung\\RAKAMIN\\FINALPROJECT\\blog\\vendor\\laravel\\framework\\src\\Illuminate\\Pipeline\\Pipeline.php(171): Illuminate\\Session\\Middleware\\StartSession->handle(Object(Illuminate\\Http\\Request), Object(Closure))
#23 C:\\11S20020 Roosen Gabriel Manurung\\RAKAMIN\\FINALPROJECT\\blog\\vendor\\laravel\\framework\\src\\Illuminate\\Cookie\\Middleware\\AddQueuedCookiesToResponse.php(37): Illuminate\\Pipeline\\Pipeline->Illuminate\\Pipeline\\{closure}(Object(Illuminate\\Http\\Request))
#24 C:\\11S20020 Roosen Gabriel Manurung\\RAKAMIN\\FINALPROJECT\\blog\\vendor\\laravel\\framework\\src\\Illuminate\\Pipeline\\Pipeline.php(171): Illuminate\\Cookie\\Middleware\\AddQueuedCookiesToResponse->handle(Object(Illuminate\\Http\\Request), Object(Closure))
#25 C:\\11S20020 Roosen Gabriel Manurung\\RAKAMIN\\FINALPROJECT\\blog\\vendor\\laravel\\framework\\src\\Illuminate\\Cookie\\Middleware\\EncryptCookies.php(67): Illuminate\\Pipeline\\Pipeline->Illuminate\\Pipeline\\{closure}(Object(Illuminate\\Http\\Request))
#26 C:\\11S20020 Roosen Gabriel Manurung\\RAKAMIN\\FINALPROJECT\\blog\\vendor\\laravel\\framework\\src\\Illuminate\\Pipeline\\Pipeline.php(171): Illuminate\\Cookie\\Middleware\\EncryptCookies->handle(Object(Illuminate\\Http\\Request), Object(Closure))
#27 C:\\11S20020 Roosen Gabriel Manurung\\RAKAMIN\\FINALPROJECT\\blog\\vendor\\laravel\\framework\\src\\Illuminate\\Pipeline\\Pipeline.php(105): Illuminate\\Pipeline\\Pipeline->Illuminate\\Pipeline\\{closure}(Object(Illuminate\\Http\\Request))
#28 C:\\11S20020 Roosen Gabriel Manurung\\RAKAMIN\\FINALPROJECT\\blog\\vendor\\laravel\\framework\\src\\Illuminate\\Routing\\Router.php(683): Illuminate\\Pipeline\\Pipeline->then(Object(Closure))
#29 C:\\11S20020 Roosen Gabriel Manurung\\RAKAMIN\\FINALPROJECT\\blog\\vendor\\laravel\\framework\\src\\Illuminate\\Routing\\Router.php(658): Illuminate\\Routing\\Router->runRouteWithinStack(Object(Illuminate\\Routing\\Route), Object(Illuminate\\Http\\Request))
#30 C:\\11S20020 Roosen Gabriel Manurung\\RAKAMIN\\FINALPROJECT\\blog\\vendor\\laravel\\framework\\src\\Illuminate\\Routing\\Router.php(624): Illuminate\\Routing\\Router->runRoute(Object(Illuminate\\Http\\Request), Object(Illuminate\\Routing\\Route))
#31 C:\\11S20020 Roosen Gabriel Manurung\\RAKAMIN\\FINALPROJECT\\blog\\vendor\\laravel\\framework\\src\\Illuminate\\Routing\\Router.php(613): Illuminate\\Routing\\Router->dispatchToRoute(Object(Illuminate\\Http\\Request))
#32 C:\\11S20020 Roosen Gabriel Manurung\\RAKAMIN\\FINALPROJECT\\blog\\vendor\\laravel\\framework\\src\\Illuminate\\Foundation\\Http\\Kernel.php(170): Illuminate\\Routing\\Router->dispatch(Object(Illuminate\\Http\\Request))
#33 C:\\11S20020 Roosen Gabriel Manurung\\RAKAMIN\\FINALPROJECT\\blog\\vendor\\laravel\\framework\\src\\Illuminate\\Pipeline\\Pipeline.php(130): Illuminate\\Foundation\\Http\\Kernel->Illuminate\\Foundation\\Http\\{closure}(Object(Illuminate\\Http\\Request))
#34 C:\\11S20020 Roosen Gabriel Manurung\\RAKAMIN\\FINALPROJECT\\blog\\vendor\\laravel\\framework\\src\\Illuminate\\Foundation\\Http\\Middleware\\TransformsRequest.php(21): Illuminate\\Pipeline\\Pipeline->Illuminate\\Pipeline\\{closure}(Object(Illuminate\\Http\\Request))
#35 C:\\11S20020 Roosen Gabriel Manurung\\RAKAMIN\\FINALPROJECT\\blog\\vendor\\laravel\\framework\\src\\Illuminate\\Pipeline\\Pipeline.php(171): Illuminate\\Foundation\\Http\\Middleware\\TransformsRequest->handle(Object(Illuminate\\Http\\Request), Object(Closure))
#36 C:\\11S20020 Roosen Gabriel Manurung\\RAKAMIN\\FINALPROJECT\\blog\\vendor\\laravel\\framework\\src\\Illuminate\\Foundation\\Http\\Middleware\\TransformsRequest.php(21): Illuminate\\Pipeline\\Pipeline->Illuminate\\Pipeline\\{closure}(Object(Illuminate\\Http\\Request))
#37 C:\\11S20020 Roosen Gabriel Manurung\\RAKAMIN\\FINALPROJECT\\blog\\vendor\\laravel\\framework\\src\\Illuminate\\Pipeline\\Pipeline.php(171): Illuminate\\Foundation\\Http\\Middleware\\TransformsRequest->handle(Object(Illuminate\\Http\\Request), Object(Closure))
#38 C:\\11S20020 Roosen Gabriel Manurung\\RAKAMIN\\FINALPROJECT\\blog\\vendor\\laravel\\framework\\src\\Illuminate\\Foundation\\Http\\Middleware\\ValidatePostSize.php(27): Illuminate\\Pipeline\\Pipeline->Illuminate\\Pipeline\\{closure}(Object(Illuminate\\Http\\Request))
#39 C:\\11S20020 Roosen Gabriel Manurung\\RAKAMIN\\FINALPROJECT\\blog\\vendor\\laravel\\framework\\src\\Illuminate\\Pipeline\\Pipeline.php(171): Illuminate\\Foundation\\Http\\Middleware\\ValidatePostSize->handle(Object(Illuminate\\Http\\Request), Object(Closure))
#40 C:\\11S20020 Roosen Gabriel Manurung\\RAKAMIN\\FINALPROJECT\\blog\\vendor\\laravel\\framework\\src\\Illuminate\\Foundation\\Http\\Middleware\\CheckForMaintenanceMode.php(63): Illuminate\\Pipeline\\Pipeline->Illuminate\\Pipeline\\{closure}(Object(Illuminate\\Http\\Request))
#41 C:\\11S20020 Roosen Gabriel Manurung\\RAKAMIN\\FINALPROJECT\\blog\\vendor\\laravel\\framework\\src\\Illuminate\\Pipeline\\Pipeline.php(171): Illuminate\\Foundation\\Http\\Middleware\\CheckForMaintenanceMode->handle(Object(Illuminate\\Http\\Request), Object(Closure))
#42 C:\\11S20020 Roosen Gabriel Manurung\\RAKAMIN\\FINALPROJECT\\blog\\vendor\\fideloper\\proxy\\src\\TrustProxies.php(57): Illuminate\\Pipeline\\Pipeline->Illuminate\\Pipeline\\{closure}(Object(Illuminate\\Http\\Request))
#43 C:\\11S20020 Roosen Gabriel Manurung\\RAKAMIN\\FINALPROJECT\\blog\\vendor\\laravel\\framework\\src\\Illuminate\\Pipeline\\Pipeline.php(171): Fideloper\\Proxy\\TrustProxies->handle(Object(Illuminate\\Http\\Request), Object(Closure))
#44 C:\\11S20020 Roosen Gabriel Manurung\\RAKAMIN\\FINALPROJECT\\blog\\vendor\\laravel\\framework\\src\\Illuminate\\Pipeline\\Pipeline.php(105): Illuminate\\Pipeline\\Pipeline->Illuminate\\Pipeline\\{closure}(Object(Illuminate\\Http\\Request))
#45 C:\\11S20020 Roosen Gabriel Manurung\\RAKAMIN\\FINALPROJECT\\blog\\vendor\\laravel\\framework\\src\\Illuminate\\Foundation\\Http\\Kernel.php(145): Illuminate\\Pipeline\\Pipeline->then(Object(Closure))
#46 C:\\11S20020 Roosen Gabriel Manurung\\RAKAMIN\\FINALPROJECT\\blog\\vendor\\laravel\\framework\\src\\Illuminate\\Foundation\\Http\\Kernel.php(110): Illuminate\\Foundation\\Http\\Kernel->sendRequestThroughRouter(Object(Illuminate\\Http\\Request))
#47 C:\\11S20020 Roosen Gabriel Manurung\\RAKAMIN\\FINALPROJECT\\blog\\public\\index.php(55): Illuminate\\Foundation\\Http\\Kernel->handle(Object(Illuminate\\Http\\Request))
#48 C:\\11S20020 Roosen Gabriel Manurung\\RAKAMIN\\FINALPROJECT\\blog\\server.php(21): require_once('C:\\\\11S20020 Roo...')
#49 {main}
"} 
[2022-07-31 12:04:23] local.ERROR: View [partial.nav] not found. (View: C:\11S20020 Roosen Gabriel Manurung\RAKAMIN\FINALPROJECT\blog\resources\views\layout\master.blade.php) {"exception":"[object] (Facade\\Ignition\\Exceptions\\ViewException(code: 0): View [partial.nav] not found. (View: C:\\11S20020 Roosen Gabriel Manurung\\RAKAMIN\\FINALPROJECT\\blog\\resources\\views\\layout\\master.blade.php) at C:\\11S20020 Roosen Gabriel Manurung\\RAKAMIN\\FINALPROJECT\\blog\\vendor\\laravel\\framework\\src\\Illuminate\\View\\FileViewFinder.php:137)
[stacktrace]
#0 C:\\11S20020 Roosen Gabriel Manurung\\RAKAMIN\\FINALPROJECT\\blog\\vendor\\laravel\\framework\\src\\Illuminate\\View\\FileViewFinder.php(79): Illuminate\\View\\FileViewFinder->findInPaths('partial.nav', Array)
#1 C:\\11S20020 Roosen Gabriel Manurung\\RAKAMIN\\FINALPROJECT\\blog\\vendor\\laravel\\framework\\src\\Illuminate\\View\\Factory.php(131): Illuminate\\View\\FileViewFinder->find('partial.nav')
#2 C:\\11S20020 Roosen Gabriel Manurung\\RAKAMIN\\FINALPROJECT\\blog\\resources\\views/layout/master.blade.php(20): Illuminate\\View\\Factory->make('partial.nav', Array)
#3 C:\\11S20020 Roosen Gabriel Manurung\\RAKAMIN\\FINALPROJECT\\blog\\vendor\\laravel\\framework\\src\\Illuminate\\View\\Engines\\PhpEngine.php(43): include('C:\\\\11S20020 Roo...')
#4 C:\\11S20020 Roosen Gabriel Manurung\\RAKAMIN\\FINALPROJECT\\blog\\vendor\\laravel\\framework\\src\\Illuminate\\View\\Engines\\CompilerEngine.php(59): Illuminate\\View\\Engines\\PhpEngine->evaluatePath('C:\\\\11S20020 Roo...', Array)
#5 C:\\11S20020 Roosen Gabriel Manurung\\RAKAMIN\\FINALPROJECT\\blog\\vendor\\facade\\ignition\\src\\Views\\Engines\\CompilerEngine.php(36): Illuminate\\View\\Engines\\CompilerEngine->get('C:\\\\11S20020 Roo...', Array)
#6 C:\\11S20020 Roosen Gabriel Manurung\\RAKAMIN\\FINALPROJECT\\blog\\vendor\\laravel\\framework\\src\\Illuminate\\View\\View.php(143): Facade\\Ignition\\Views\\Engines\\CompilerEngine->get('C:\\\\11S20020 Roo...', Array)
#7 C:\\11S20020 Roosen Gabriel Manurung\\RAKAMIN\\FINALPROJECT\\blog\\vendor\\laravel\\framework\\src\\Illuminate\\View\\View.php(126): Illuminate\\View\\View->getContents()
#8 C:\\11S20020 Roosen Gabriel Manurung\\RAKAMIN\\FINALPROJECT\\blog\\vendor\\laravel\\framework\\src\\Illuminate\\View\\View.php(91): Illuminate\\View\\View->renderContents()
#9 C:\\11S20020 Roosen Gabriel Manurung\\RAKAMIN\\FINALPROJECT\\blog\\vendor\\laravel\\framework\\src\\Illuminate\\Http\\Response.php(42): Illuminate\\View\\View->render()
#10 C:\\11S20020 Roosen Gabriel Manurung\\RAKAMIN\\FINALPROJECT\\blog\\vendor\\symfony\\http-foundation\\Response.php(205): Illuminate\\Http\\Response->setContent(Object(Illuminate\\View\\View))
#11 C:\\11S20020 Roosen Gabriel Manurung\\RAKAMIN\\FINALPROJECT\\blog\\vendor\\laravel\\framework\\src\\Illuminate\\Routing\\Router.php(749): Symfony\\Component\\HttpFoundation\\Response->__construct(Object(Illuminate\\View\\View), 200, Array)
#12 C:\\11S20020 Roosen Gabriel Manurung\\RAKAMIN\\FINALPROJECT\\blog\\vendor\\laravel\\framework\\src\\Illuminate\\Routing\\Router.php(721): Illuminate\\Routing\\Router::toResponse(Object(Illuminate\\Http\\Request), Object(Illuminate\\View\\View))
#13 C:\\11S20020 Roosen Gabriel Manurung\\RAKAMIN\\FINALPROJECT\\blog\\vendor\\laravel\\framework\\src\\Illuminate\\Routing\\Router.php(681): Illuminate\\Routing\\Router->prepareResponse(Object(Illuminate\\Http\\Request), Object(Illuminate\\View\\View))
#14 C:\\11S20020 Roosen Gabriel Manurung\\RAKAMIN\\FINALPROJECT\\blog\\vendor\\laravel\\framework\\src\\Illuminate\\Pipeline\\Pipeline.php(130): Illuminate\\Routing\\Router->Illuminate\\Routing\\{closure}(Object(Illuminate\\Http\\Request))
#15 C:\\11S20020 Roosen Gabriel Manurung\\RAKAMIN\\FINALPROJECT\\blog\\vendor\\laravel\\framework\\src\\Illuminate\\Routing\\Middleware\\SubstituteBindings.php(41): Illuminate\\Pipeline\\Pipeline->Illuminate\\Pipeline\\{closure}(Object(Illuminate\\Http\\Request))
#16 C:\\11S20020 Roosen Gabriel Manurung\\RAKAMIN\\FINALPROJECT\\blog\\vendor\\laravel\\framework\\src\\Illuminate\\Pipeline\\Pipeline.php(171): Illuminate\\Routing\\Middleware\\SubstituteBindings->handle(Object(Illuminate\\Http\\Request), Object(Closure))
#17 C:\\11S20020 Roosen Gabriel Manurung\\RAKAMIN\\FINALPROJECT\\blog\\vendor\\laravel\\framework\\src\\Illuminate\\Foundation\\Http\\Middleware\\VerifyCsrfToken.php(78): Illuminate\\Pipeline\\Pipeline->Illuminate\\Pipeline\\{closure}(Object(Illuminate\\Http\\Request))
#18 C:\\11S20020 Roosen Gabriel Manurung\\RAKAMIN\\FINALPROJECT\\blog\\vendor\\laravel\\framework\\src\\Illuminate\\Pipeline\\Pipeline.php(171): Illuminate\\Foundation\\Http\\Middleware\\VerifyCsrfToken->handle(Object(Illuminate\\Http\\Request), Object(Closure))
#19 C:\\11S20020 Roosen Gabriel Manurung\\RAKAMIN\\FINALPROJECT\\blog\\vendor\\laravel\\framework\\src\\Illuminate\\View\\Middleware\\ShareErrorsFromSession.php(49): Illuminate\\Pipeline\\Pipeline->Illuminate\\Pipeline\\{closure}(Object(Illuminate\\Http\\Request))
#20 C:\\11S20020 Roosen Gabriel Manurung\\RAKAMIN\\FINALPROJECT\\blog\\vendor\\laravel\\framework\\src\\Illuminate\\Pipeline\\Pipeline.php(171): Illuminate\\View\\Middleware\\ShareErrorsFromSession->handle(Object(Illuminate\\Http\\Request), Object(Closure))
#21 C:\\11S20020 Roosen Gabriel Manurung\\RAKAMIN\\FINALPROJECT\\blog\\vendor\\laravel\\framework\\src\\Illuminate\\Session\\Middleware\\StartSession.php(56): Illuminate\\Pipeline\\Pipeline->Illuminate\\Pipeline\\{closure}(Object(Illuminate\\Http\\Request))
#22 C:\\11S20020 Roosen Gabriel Manurung\\RAKAMIN\\FINALPROJECT\\blog\\vendor\\laravel\\framework\\src\\Illuminate\\Pipeline\\Pipeline.php(171): Illuminate\\Session\\Middleware\\StartSession->handle(Object(Illuminate\\Http\\Request), Object(Closure))
#23 C:\\11S20020 Roosen Gabriel Manurung\\RAKAMIN\\FINALPROJECT\\blog\\vendor\\laravel\\framework\\src\\Illuminate\\Cookie\\Middleware\\AddQueuedCookiesToResponse.php(37): Illuminate\\Pipeline\\Pipeline->Illuminate\\Pipeline\\{closure}(Object(Illuminate\\Http\\Request))
#24 C:\\11S20020 Roosen Gabriel Manurung\\RAKAMIN\\FINALPROJECT\\blog\\vendor\\laravel\\framework\\src\\Illuminate\\Pipeline\\Pipeline.php(171): Illuminate\\Cookie\\Middleware\\AddQueuedCookiesToResponse->handle(Object(Illuminate\\Http\\Request), Object(Closure))
#25 C:\\11S20020 Roosen Gabriel Manurung\\RAKAMIN\\FINALPROJECT\\blog\\vendor\\laravel\\framework\\src\\Illuminate\\Cookie\\Middleware\\EncryptCookies.php(67): Illuminate\\Pipeline\\Pipeline->Illuminate\\Pipeline\\{closure}(Object(Illuminate\\Http\\Request))
#26 C:\\11S20020 Roosen Gabriel Manurung\\RAKAMIN\\FINALPROJECT\\blog\\vendor\\laravel\\framework\\src\\Illuminate\\Pipeline\\Pipeline.php(171): Illuminate\\Cookie\\Middleware\\EncryptCookies->handle(Object(Illuminate\\Http\\Request), Object(Closure))
#27 C:\\11S20020 Roosen Gabriel Manurung\\RAKAMIN\\FINALPROJECT\\blog\\vendor\\laravel\\framework\\src\\Illuminate\\Pipeline\\Pipeline.php(105): Illuminate\\Pipeline\\Pipeline->Illuminate\\Pipeline\\{closure}(Object(Illuminate\\Http\\Request))
#28 C:\\11S20020 Roosen Gabriel Manurung\\RAKAMIN\\FINALPROJECT\\blog\\vendor\\laravel\\framework\\src\\Illuminate\\Routing\\Router.php(683): Illuminate\\Pipeline\\Pipeline->then(Object(Closure))
#29 C:\\11S20020 Roosen Gabriel Manurung\\RAKAMIN\\FINALPROJECT\\blog\\vendor\\laravel\\framework\\src\\Illuminate\\Routing\\Router.php(658): Illuminate\\Routing\\Router->runRouteWithinStack(Object(Illuminate\\Routing\\Route), Object(Illuminate\\Http\\Request))
#30 C:\\11S20020 Roosen Gabriel Manurung\\RAKAMIN\\FINALPROJECT\\blog\\vendor\\laravel\\framework\\src\\Illuminate\\Routing\\Router.php(624): Illuminate\\Routing\\Router->runRoute(Object(Illuminate\\Http\\Request), Object(Illuminate\\Routing\\Route))
#31 C:\\11S20020 Roosen Gabriel Manurung\\RAKAMIN\\FINALPROJECT\\blog\\vendor\\laravel\\framework\\src\\Illuminate\\Routing\\Router.php(613): Illuminate\\Routing\\Router->dispatchToRoute(Object(Illuminate\\Http\\Request))
#32 C:\\11S20020 Roosen Gabriel Manurung\\RAKAMIN\\FINALPROJECT\\blog\\vendor\\laravel\\framework\\src\\Illuminate\\Foundation\\Http\\Kernel.php(170): Illuminate\\Routing\\Router->dispatch(Object(Illuminate\\Http\\Request))
#33 C:\\11S20020 Roosen Gabriel Manurung\\RAKAMIN\\FINALPROJECT\\blog\\vendor\\laravel\\framework\\src\\Illuminate\\Pipeline\\Pipeline.php(130): Illuminate\\Foundation\\Http\\Kernel->Illuminate\\Foundation\\Http\\{closure}(Object(Illuminate\\Http\\Request))
#34 C:\\11S20020 Roosen Gabriel Manurung\\RAKAMIN\\FINALPROJECT\\blog\\vendor\\laravel\\framework\\src\\Illuminate\\Foundation\\Http\\Middleware\\TransformsRequest.php(21): Illuminate\\Pipeline\\Pipeline->Illuminate\\Pipeline\\{closure}(Object(Illuminate\\Http\\Request))
#35 C:\\11S20020 Roosen Gabriel Manurung\\RAKAMIN\\FINALPROJECT\\blog\\vendor\\laravel\\framework\\src\\Illuminate\\Pipeline\\Pipeline.php(171): Illuminate\\Foundation\\Http\\Middleware\\TransformsRequest->handle(Object(Illuminate\\Http\\Request), Object(Closure))
#36 C:\\11S20020 Roosen Gabriel Manurung\\RAKAMIN\\FINALPROJECT\\blog\\vendor\\laravel\\framework\\src\\Illuminate\\Foundation\\Http\\Middleware\\TransformsRequest.php(21): Illuminate\\Pipeline\\Pipeline->Illuminate\\Pipeline\\{closure}(Object(Illuminate\\Http\\Request))
#37 C:\\11S20020 Roosen Gabriel Manurung\\RAKAMIN\\FINALPROJECT\\blog\\vendor\\laravel\\framework\\src\\Illuminate\\Pipeline\\Pipeline.php(171): Illuminate\\Foundation\\Http\\Middleware\\TransformsRequest->handle(Object(Illuminate\\Http\\Request), Object(Closure))
#38 C:\\11S20020 Roosen Gabriel Manurung\\RAKAMIN\\FINALPROJECT\\blog\\vendor\\laravel\\framework\\src\\Illuminate\\Foundation\\Http\\Middleware\\ValidatePostSize.php(27): Illuminate\\Pipeline\\Pipeline->Illuminate\\Pipeline\\{closure}(Object(Illuminate\\Http\\Request))
#39 C:\\11S20020 Roosen Gabriel Manurung\\RAKAMIN\\FINALPROJECT\\blog\\vendor\\laravel\\framework\\src\\Illuminate\\Pipeline\\Pipeline.php(171): Illuminate\\Foundation\\Http\\Middleware\\ValidatePostSize->handle(Object(Illuminate\\Http\\Request), Object(Closure))
#40 C:\\11S20020 Roosen Gabriel Manurung\\RAKAMIN\\FINALPROJECT\\blog\\vendor\\laravel\\framework\\src\\Illuminate\\Foundation\\Http\\Middleware\\CheckForMaintenanceMode.php(63): Illuminate\\Pipeline\\Pipeline->Illuminate\\Pipeline\\{closure}(Object(Illuminate\\Http\\Request))
#41 C:\\11S20020 Roosen Gabriel Manurung\\RAKAMIN\\FINALPROJECT\\blog\\vendor\\laravel\\framework\\src\\Illuminate\\Pipeline\\Pipeline.php(171): Illuminate\\Foundation\\Http\\Middleware\\CheckForMaintenanceMode->handle(Object(Illuminate\\Http\\Request), Object(Closure))
#42 C:\\11S20020 Roosen Gabriel Manurung\\RAKAMIN\\FINALPROJECT\\blog\\vendor\\fideloper\\proxy\\src\\TrustProxies.php(57): Illuminate\\Pipeline\\Pipeline->Illuminate\\Pipeline\\{closure}(Object(Illuminate\\Http\\Request))
#43 C:\\11S20020 Roosen Gabriel Manurung\\RAKAMIN\\FINALPROJECT\\blog\\vendor\\laravel\\framework\\src\\Illuminate\\Pipeline\\Pipeline.php(171): Fideloper\\Proxy\\TrustProxies->handle(Object(Illuminate\\Http\\Request), Object(Closure))
#44 C:\\11S20020 Roosen Gabriel Manurung\\RAKAMIN\\FINALPROJECT\\blog\\vendor\\laravel\\framework\\src\\Illuminate\\Pipeline\\Pipeline.php(105): Illuminate\\Pipeline\\Pipeline->Illuminate\\Pipeline\\{closure}(Object(Illuminate\\Http\\Request))
#45 C:\\11S20020 Roosen Gabriel Manurung\\RAKAMIN\\FINALPROJECT\\blog\\vendor\\laravel\\framework\\src\\Illuminate\\Foundation\\Http\\Kernel.php(145): Illuminate\\Pipeline\\Pipeline->then(Object(Closure))
#46 C:\\11S20020 Roosen Gabriel Manurung\\RAKAMIN\\FINALPROJECT\\blog\\vendor\\laravel\\framework\\src\\Illuminate\\Foundation\\Http\\Kernel.php(110): Illuminate\\Foundation\\Http\\Kernel->sendRequestThroughRouter(Object(Illuminate\\Http\\Request))
#47 C:\\11S20020 Roosen Gabriel Manurung\\RAKAMIN\\FINALPROJECT\\blog\\public\\index.php(55): Illuminate\\Foundation\\Http\\Kernel->handle(Object(Illuminate\\Http\\Request))
#48 C:\\11S20020 Roosen Gabriel Manurung\\RAKAMIN\\FINALPROJECT\\blog\\server.php(21): require_once('C:\\\\11S20020 Roo...')
#49 {main}

[previous exception] [object] (InvalidArgumentException(code: 0): View [partial.nav] not found. at C:\\11S20020 Roosen Gabriel Manurung\\RAKAMIN\\FINALPROJECT\\blog\\vendor\\laravel\\framework\\src\\Illuminate\\View\\FileViewFinder.php:137)
[stacktrace]
#0 C:\\11S20020 Roosen Gabriel Manurung\\RAKAMIN\\FINALPROJECT\\blog\\vendor\\laravel\\framework\\src\\Illuminate\\View\\FileViewFinder.php(79): Illuminate\\View\\FileViewFinder->findInPaths('partial.nav', Array)
#1 C:\\11S20020 Roosen Gabriel Manurung\\RAKAMIN\\FINALPROJECT\\blog\\vendor\\laravel\\framework\\src\\Illuminate\\View\\Factory.php(131): Illuminate\\View\\FileViewFinder->find('partial.nav')
#2 C:\\11S20020 Roosen Gabriel Manurung\\RAKAMIN\\FINALPROJECT\\blog\\storage\\framework\\views\\a11ea5e09af1d3eef336a059d9f546828d49140e.php(20): Illuminate\\View\\Factory->make('partial.nav', Array)
#3 C:\\11S20020 Roosen Gabriel Manurung\\RAKAMIN\\FINALPROJECT\\blog\\vendor\\laravel\\framework\\src\\Illuminate\\View\\Engines\\PhpEngine.php(43): include('C:\\\\11S20020 Roo...')
#4 C:\\11S20020 Roosen Gabriel Manurung\\RAKAMIN\\FINALPROJECT\\blog\\vendor\\laravel\\framework\\src\\Illuminate\\View\\Engines\\CompilerEngine.php(59): Illuminate\\View\\Engines\\PhpEngine->evaluatePath('C:\\\\11S20020 Roo...', Array)
#5 C:\\11S20020 Roosen Gabriel Manurung\\RAKAMIN\\FINALPROJECT\\blog\\vendor\\facade\\ignition\\src\\Views\\Engines\\CompilerEngine.php(36): Illuminate\\View\\Engines\\CompilerEngine->get('C:\\\\11S20020 Roo...', Array)
#6 C:\\11S20020 Roosen Gabriel Manurung\\RAKAMIN\\FINALPROJECT\\blog\\vendor\\laravel\\framework\\src\\Illuminate\\View\\View.php(143): Facade\\Ignition\\Views\\Engines\\CompilerEngine->get('C:\\\\11S20020 Roo...', Array)
#7 C:\\11S20020 Roosen Gabriel Manurung\\RAKAMIN\\FINALPROJECT\\blog\\vendor\\laravel\\framework\\src\\Illuminate\\View\\View.php(126): Illuminate\\View\\View->getContents()
#8 C:\\11S20020 Roosen Gabriel Manurung\\RAKAMIN\\FINALPROJECT\\blog\\vendor\\laravel\\framework\\src\\Illuminate\\View\\View.php(91): Illuminate\\View\\View->renderContents()
#9 C:\\11S20020 Roosen Gabriel Manurung\\RAKAMIN\\FINALPROJECT\\blog\\vendor\\laravel\\framework\\src\\Illuminate\\Http\\Response.php(42): Illuminate\\View\\View->render()
#10 C:\\11S20020 Roosen Gabriel Manurung\\RAKAMIN\\FINALPROJECT\\blog\\vendor\\symfony\\http-foundation\\Response.php(205): Illuminate\\Http\\Response->setContent(Object(Illuminate\\View\\View))
#11 C:\\11S20020 Roosen Gabriel Manurung\\RAKAMIN\\FINALPROJECT\\blog\\vendor\\laravel\\framework\\src\\Illuminate\\Routing\\Router.php(749): Symfony\\Component\\HttpFoundation\\Response->__construct(Object(Illuminate\\View\\View), 200, Array)
#12 C:\\11S20020 Roosen Gabriel Manurung\\RAKAMIN\\FINALPROJECT\\blog\\vendor\\laravel\\framework\\src\\Illuminate\\Routing\\Router.php(721): Illuminate\\Routing\\Router::toResponse(Object(Illuminate\\Http\\Request), Object(Illuminate\\View\\View))
#13 C:\\11S20020 Roosen Gabriel Manurung\\RAKAMIN\\FINALPROJECT\\blog\\vendor\\laravel\\framework\\src\\Illuminate\\Routing\\Router.php(681): Illuminate\\Routing\\Router->prepareResponse(Object(Illuminate\\Http\\Request), Object(Illuminate\\View\\View))
#14 C:\\11S20020 Roosen Gabriel Manurung\\RAKAMIN\\FINALPROJECT\\blog\\vendor\\laravel\\framework\\src\\Illuminate\\Pipeline\\Pipeline.php(130): Illuminate\\Routing\\Router->Illuminate\\Routing\\{closure}(Object(Illuminate\\Http\\Request))
#15 C:\\11S20020 Roosen Gabriel Manurung\\RAKAMIN\\FINALPROJECT\\blog\\vendor\\laravel\\framework\\src\\Illuminate\\Routing\\Middleware\\SubstituteBindings.php(41): Illuminate\\Pipeline\\Pipeline->Illuminate\\Pipeline\\{closure}(Object(Illuminate\\Http\\Request))
#16 C:\\11S20020 Roosen Gabriel Manurung\\RAKAMIN\\FINALPROJECT\\blog\\vendor\\laravel\\framework\\src\\Illuminate\\Pipeline\\Pipeline.php(171): Illuminate\\Routing\\Middleware\\SubstituteBindings->handle(Object(Illuminate\\Http\\Request), Object(Closure))
#17 C:\\11S20020 Roosen Gabriel Manurung\\RAKAMIN\\FINALPROJECT\\blog\\vendor\\laravel\\framework\\src\\Illuminate\\Foundation\\Http\\Middleware\\VerifyCsrfToken.php(78): Illuminate\\Pipeline\\Pipeline->Illuminate\\Pipeline\\{closure}(Object(Illuminate\\Http\\Request))
#18 C:\\11S20020 Roosen Gabriel Manurung\\RAKAMIN\\FINALPROJECT\\blog\\vendor\\laravel\\framework\\src\\Illuminate\\Pipeline\\Pipeline.php(171): Illuminate\\Foundation\\Http\\Middleware\\VerifyCsrfToken->handle(Object(Illuminate\\Http\\Request), Object(Closure))
#19 C:\\11S20020 Roosen Gabriel Manurung\\RAKAMIN\\FINALPROJECT\\blog\\vendor\\laravel\\framework\\src\\Illuminate\\View\\Middleware\\ShareErrorsFromSession.php(49): Illuminate\\Pipeline\\Pipeline->Illuminate\\Pipeline\\{closure}(Object(Illuminate\\Http\\Request))
#20 C:\\11S20020 Roosen Gabriel Manurung\\RAKAMIN\\FINALPROJECT\\blog\\vendor\\laravel\\framework\\src\\Illuminate\\Pipeline\\Pipeline.php(171): Illuminate\\View\\Middleware\\ShareErrorsFromSession->handle(Object(Illuminate\\Http\\Request), Object(Closure))
#21 C:\\11S20020 Roosen Gabriel Manurung\\RAKAMIN\\FINALPROJECT\\blog\\vendor\\laravel\\framework\\src\\Illuminate\\Session\\Middleware\\StartSession.php(56): Illuminate\\Pipeline\\Pipeline->Illuminate\\Pipeline\\{closure}(Object(Illuminate\\Http\\Request))
#22 C:\\11S20020 Roosen Gabriel Manurung\\RAKAMIN\\FINALPROJECT\\blog\\vendor\\laravel\\framework\\src\\Illuminate\\Pipeline\\Pipeline.php(171): Illuminate\\Session\\Middleware\\StartSession->handle(Object(Illuminate\\Http\\Request), Object(Closure))
#23 C:\\11S20020 Roosen Gabriel Manurung\\RAKAMIN\\FINALPROJECT\\blog\\vendor\\laravel\\framework\\src\\Illuminate\\Cookie\\Middleware\\AddQueuedCookiesToResponse.php(37): Illuminate\\Pipeline\\Pipeline->Illuminate\\Pipeline\\{closure}(Object(Illuminate\\Http\\Request))
#24 C:\\11S20020 Roosen Gabriel Manurung\\RAKAMIN\\FINALPROJECT\\blog\\vendor\\laravel\\framework\\src\\Illuminate\\Pipeline\\Pipeline.php(171): Illuminate\\Cookie\\Middleware\\AddQueuedCookiesToResponse->handle(Object(Illuminate\\Http\\Request), Object(Closure))
#25 C:\\11S20020 Roosen Gabriel Manurung\\RAKAMIN\\FINALPROJECT\\blog\\vendor\\laravel\\framework\\src\\Illuminate\\Cookie\\Middleware\\EncryptCookies.php(67): Illuminate\\Pipeline\\Pipeline->Illuminate\\Pipeline\\{closure}(Object(Illuminate\\Http\\Request))
#26 C:\\11S20020 Roosen Gabriel Manurung\\RAKAMIN\\FINALPROJECT\\blog\\vendor\\laravel\\framework\\src\\Illuminate\\Pipeline\\Pipeline.php(171): Illuminate\\Cookie\\Middleware\\EncryptCookies->handle(Object(Illuminate\\Http\\Request), Object(Closure))
#27 C:\\11S20020 Roosen Gabriel Manurung\\RAKAMIN\\FINALPROJECT\\blog\\vendor\\laravel\\framework\\src\\Illuminate\\Pipeline\\Pipeline.php(105): Illuminate\\Pipeline\\Pipeline->Illuminate\\Pipeline\\{closure}(Object(Illuminate\\Http\\Request))
#28 C:\\11S20020 Roosen Gabriel Manurung\\RAKAMIN\\FINALPROJECT\\blog\\vendor\\laravel\\framework\\src\\Illuminate\\Routing\\Router.php(683): Illuminate\\Pipeline\\Pipeline->then(Object(Closure))
#29 C:\\11S20020 Roosen Gabriel Manurung\\RAKAMIN\\FINALPROJECT\\blog\\vendor\\laravel\\framework\\src\\Illuminate\\Routing\\Router.php(658): Illuminate\\Routing\\Router->runRouteWithinStack(Object(Illuminate\\Routing\\Route), Object(Illuminate\\Http\\Request))
#30 C:\\11S20020 Roosen Gabriel Manurung\\RAKAMIN\\FINALPROJECT\\blog\\vendor\\laravel\\framework\\src\\Illuminate\\Routing\\Router.php(624): Illuminate\\Routing\\Router->runRoute(Object(Illuminate\\Http\\Request), Object(Illuminate\\Routing\\Route))
#31 C:\\11S20020 Roosen Gabriel Manurung\\RAKAMIN\\FINALPROJECT\\blog\\vendor\\laravel\\framework\\src\\Illuminate\\Routing\\Router.php(613): Illuminate\\Routing\\Router->dispatchToRoute(Object(Illuminate\\Http\\Request))
#32 C:\\11S20020 Roosen Gabriel Manurung\\RAKAMIN\\FINALPROJECT\\blog\\vendor\\laravel\\framework\\src\\Illuminate\\Foundation\\Http\\Kernel.php(170): Illuminate\\Routing\\Router->dispatch(Object(Illuminate\\Http\\Request))
#33 C:\\11S20020 Roosen Gabriel Manurung\\RAKAMIN\\FINALPROJECT\\blog\\vendor\\laravel\\framework\\src\\Illuminate\\Pipeline\\Pipeline.php(130): Illuminate\\Foundation\\Http\\Kernel->Illuminate\\Foundation\\Http\\{closure}(Object(Illuminate\\Http\\Request))
#34 C:\\11S20020 Roosen Gabriel Manurung\\RAKAMIN\\FINALPROJECT\\blog\\vendor\\laravel\\framework\\src\\Illuminate\\Foundation\\Http\\Middleware\\TransformsRequest.php(21): Illuminate\\Pipeline\\Pipeline->Illuminate\\Pipeline\\{closure}(Object(Illuminate\\Http\\Request))
#35 C:\\11S20020 Roosen Gabriel Manurung\\RAKAMIN\\FINALPROJECT\\blog\\vendor\\laravel\\framework\\src\\Illuminate\\Pipeline\\Pipeline.php(171): Illuminate\\Foundation\\Http\\Middleware\\TransformsRequest->handle(Object(Illuminate\\Http\\Request), Object(Closure))
#36 C:\\11S20020 Roosen Gabriel Manurung\\RAKAMIN\\FINALPROJECT\\blog\\vendor\\laravel\\framework\\src\\Illuminate\\Foundation\\Http\\Middleware\\TransformsRequest.php(21): Illuminate\\Pipeline\\Pipeline->Illuminate\\Pipeline\\{closure}(Object(Illuminate\\Http\\Request))
#37 C:\\11S20020 Roosen Gabriel Manurung\\RAKAMIN\\FINALPROJECT\\blog\\vendor\\laravel\\framework\\src\\Illuminate\\Pipeline\\Pipeline.php(171): Illuminate\\Foundation\\Http\\Middleware\\TransformsRequest->handle(Object(Illuminate\\Http\\Request), Object(Closure))
#38 C:\\11S20020 Roosen Gabriel Manurung\\RAKAMIN\\FINALPROJECT\\blog\\vendor\\laravel\\framework\\src\\Illuminate\\Foundation\\Http\\Middleware\\ValidatePostSize.php(27): Illuminate\\Pipeline\\Pipeline->Illuminate\\Pipeline\\{closure}(Object(Illuminate\\Http\\Request))
#39 C:\\11S20020 Roosen Gabriel Manurung\\RAKAMIN\\FINALPROJECT\\blog\\vendor\\laravel\\framework\\src\\Illuminate\\Pipeline\\Pipeline.php(171): Illuminate\\Foundation\\Http\\Middleware\\ValidatePostSize->handle(Object(Illuminate\\Http\\Request), Object(Closure))
#40 C:\\11S20020 Roosen Gabriel Manurung\\RAKAMIN\\FINALPROJECT\\blog\\vendor\\laravel\\framework\\src\\Illuminate\\Foundation\\Http\\Middleware\\CheckForMaintenanceMode.php(63): Illuminate\\Pipeline\\Pipeline->Illuminate\\Pipeline\\{closure}(Object(Illuminate\\Http\\Request))
#41 C:\\11S20020 Roosen Gabriel Manurung\\RAKAMIN\\FINALPROJECT\\blog\\vendor\\laravel\\framework\\src\\Illuminate\\Pipeline\\Pipeline.php(171): Illuminate\\Foundation\\Http\\Middleware\\CheckForMaintenanceMode->handle(Object(Illuminate\\Http\\Request), Object(Closure))
#42 C:\\11S20020 Roosen Gabriel Manurung\\RAKAMIN\\FINALPROJECT\\blog\\vendor\\fideloper\\proxy\\src\\TrustProxies.php(57): Illuminate\\Pipeline\\Pipeline->Illuminate\\Pipeline\\{closure}(Object(Illuminate\\Http\\Request))
#43 C:\\11S20020 Roosen Gabriel Manurung\\RAKAMIN\\FINALPROJECT\\blog\\vendor\\laravel\\framework\\src\\Illuminate\\Pipeline\\Pipeline.php(171): Fideloper\\Proxy\\TrustProxies->handle(Object(Illuminate\\Http\\Request), Object(Closure))
#44 C:\\11S20020 Roosen Gabriel Manurung\\RAKAMIN\\FINALPROJECT\\blog\\vendor\\laravel\\framework\\src\\Illuminate\\Pipeline\\Pipeline.php(105): Illuminate\\Pipeline\\Pipeline->Illuminate\\Pipeline\\{closure}(Object(Illuminate\\Http\\Request))
#45 C:\\11S20020 Roosen Gabriel Manurung\\RAKAMIN\\FINALPROJECT\\blog\\vendor\\laravel\\framework\\src\\Illuminate\\Foundation\\Http\\Kernel.php(145): Illuminate\\Pipeline\\Pipeline->then(Object(Closure))
#46 C:\\11S20020 Roosen Gabriel Manurung\\RAKAMIN\\FINALPROJECT\\blog\\vendor\\laravel\\framework\\src\\Illuminate\\Foundation\\Http\\Kernel.php(110): Illuminate\\Foundation\\Http\\Kernel->sendRequestThroughRouter(Object(Illuminate\\Http\\Request))
#47 C:\\11S20020 Roosen Gabriel Manurung\\RAKAMIN\\FINALPROJECT\\blog\\public\\index.php(55): Illuminate\\Foundation\\Http\\Kernel->handle(Object(Illuminate\\Http\\Request))
#48 C:\\11S20020 Roosen Gabriel Manurung\\RAKAMIN\\FINALPROJECT\\blog\\server.php(21): require_once('C:\\\\11S20020 Roo...')
#49 {main}
"} 
